[2024-11-04T15:36:13.067101+00:00] SQL.WARNING: SQL works [] []
[2024-11-04T16:07:45.215774+00:00] SQL.WARNING: find all casernes [] []
[2024-11-04T16:08:05.057336+00:00] SQL.WARNING: find all pompiers [] []
[2024-11-04T16:08:25.765501+00:00] SQL.WARNING: new in pompiers [] []
[2024-11-04T16:08:25.770658+00:00] SQL.WARNING: find all pompiers [] []
[2024-11-04T16:08:33.212262+00:00] SQL.WARNING: find pompiers [] []
[2024-11-04T16:08:34.522784+00:00] SQL.WARNING: find pompiers [] []
[2024-11-04T16:08:34.524025+00:00] SQL.WARNING: remove in pompiers [] []
[2024-11-04T16:08:34.528236+00:00] SQL.WARNING: find all pompiers [] []
[2024-11-04T16:08:44.622971+00:00] SQL.WARNING: find all casernes [] []
[2024-11-04T16:08:47.131753+00:00] SQL.WARNING: find casernes [] []
[2024-11-04T16:08:48.090251+00:00] SQL.WARNING: find casernes [] []
[2024-11-04T16:08:48.091657+00:00] SQL.WARNING: remove in casernes [] []
[2024-11-04T16:08:50.239450+00:00] SQL.WARNING: find casernes [] []
[2024-11-04T16:08:51.655219+00:00] SQL.WARNING: find all casernes [] []
[2024-11-04T16:09:03.634245+00:00] SQL.WARNING: new in casernes [] []
[2024-11-04T16:09:03.643157+00:00] SQL.WARNING: find all casernes [] []
[2024-11-04T16:09:13.009292+00:00] SQL.WARNING: find casernes [] []
[2024-11-04T16:09:13.855549+00:00] SQL.WARNING: find casernes [] []
[2024-11-04T16:09:13.856780+00:00] SQL.WARNING: remove in casernes [] []
[2024-11-04T16:09:13.859459+00:00] SQL.WARNING: find all casernes [] []
[2024-11-09T19:04:42.742411+00:00] SQL.WARNING: find all casernes [] []
[2024-11-09T19:04:51.220203+00:00] SQL.WARNING: find all pompiers [] []
[2024-11-09T19:05:22.388869+00:00] SQL.WARNING: find all casernes [] []
[2024-11-09T19:17:35.387710+00:00] SQL.WARNING: verify login of user  [] []
[2024-11-09T19:23:48.963467+00:00] SQL.WARNING: verify login of user  [] []
[2024-11-09T19:24:38.864166+00:00] SQL.WARNING: verify login of user  [] []
[2024-11-09T19:29:13.440326+00:00] SQL.WARNING: verify login of user  [] []
[2024-11-09T19:29:14.517852+00:00] SQL.WARNING: verify login of user  [] []
[2024-11-09T19:29:41.623025+00:00] SQL.WARNING: verify login of user  [] []
[2024-11-09T19:29:42.338708+00:00] SQL.WARNING: verify login of user  [] []
[2024-11-09T19:29:42.533140+00:00] SQL.WARNING: verify login of user  [] []
[2024-11-10T14:11:35.172229+00:00] SQL.WARNING: verify login of user  [] []
[2024-11-10T14:12:14.148767+00:00] SQL.WARNING: verify login of user  [] []
[2024-11-10T14:16:17.104589+00:00] SQL.WARNING: verify login of user  [] []
[2024-11-10T14:20:14.552494+00:00] SQL.WARNING: verify login of user  [] []
[2024-11-10T14:29:56.128414+00:00] SQL.WARNING: verify login of user  [] []
[2024-11-10T14:53:29.482210+00:00] SQL.WARNING: verify login of user  [] []
[2024-11-10T14:54:11.704266+00:00] SQL.WARNING: verify login of user  [] []
[2024-11-10T14:57:22.038549+00:00] SQL.WARNING: find profil [] []
[2024-11-10T14:57:22.041143+00:00] SQL.WARNING: find role [] []
[2024-11-10T14:57:22.041295+00:00] SQL.WARNING: verify login of user admin [] []
[2024-11-10T14:57:41.710874+00:00] SQL.WARNING: find profil [] []
[2024-11-10T14:57:41.712207+00:00] SQL.WARNING: find role [] []
[2024-11-10T14:57:41.712305+00:00] SQL.WARNING: verify login of user admin [] []
[2024-11-10T15:31:35.256966+00:00] SQL.WARNING: find profil [] []
[2024-11-10T15:31:35.258489+00:00] SQL.WARNING: find role [] []
[2024-11-10T15:31:35.258586+00:00] SQL.WARNING: verify login of user admin [] []
[2024-11-10T15:37:18.886414+00:00] SQL.WARNING: find profil [] []
[2024-11-10T15:37:18.888247+00:00] SQL.WARNING: find role [] []
[2024-11-10T15:37:18.888404+00:00] SQL.WARNING: verify login of user admin [] []
[2024-11-10T15:44:00.435419+00:00] SQL.WARNING: find profil [] []
[2024-11-10T15:44:00.437613+00:00] SQL.WARNING: find role [] []
[2024-11-10T15:44:00.437760+00:00] SQL.WARNING: verify login of user admin [] []
[2024-11-10T15:45:21.653426+00:00] SQL.WARNING: find profil [] []
[2024-11-10T15:45:21.654899+00:00] SQL.WARNING: find role [] []
[2024-11-10T15:45:21.655004+00:00] SQL.WARNING: verify login of user admin [] []
[2024-11-10T15:45:40.788859+00:00] SQL.WARNING: find profil [] []
[2024-11-10T15:45:40.790528+00:00] SQL.WARNING: find role [] []
[2024-11-10T15:45:40.790644+00:00] SQL.WARNING: verify login of user admin [] []
[2024-11-10T16:05:29.253965+00:00] SQL.WARNING: find profil [] []
[2024-11-10T16:05:29.256049+00:00] SQL.WARNING: find role [] []
[2024-11-10T16:05:29.256176+00:00] SQL.WARNING: verify login of user admin [] []
[2024-11-10T16:06:01.366615+00:00] SQL.WARNING: find profil [] []
[2024-11-10T16:06:01.368630+00:00] SQL.WARNING: find role [] []
[2024-11-10T16:06:01.368740+00:00] SQL.WARNING: verify login of user admin [] []
[2024-11-12T20:43:24.260928+00:00] SQL.WARNING: find profil [] []
[2024-11-12T20:43:24.267183+00:00] SQL.WARNING: find role [] []
[2024-11-12T20:43:24.267441+00:00] SQL.WARNING: verify login of user admin [] []
[2024-11-12T20:45:44.318870+00:00] SQL.WARNING: find profil [] []
[2024-11-12T20:45:44.321467+00:00] SQL.WARNING: find role [] []
[2024-11-12T20:45:44.321583+00:00] SQL.WARNING: verify login of user admin [] []
[2024-11-12T21:08:05.265228+00:00] SQL.WARNING: find profil [] []
[2024-11-12T21:08:05.266785+00:00] SQL.WARNING: find role [] []
[2024-11-12T21:08:05.266883+00:00] SQL.WARNING: verify login of user admin [] []
[2024-11-12T21:09:56.263776+00:00] SQL.WARNING: find profil [] []
[2024-11-12T21:09:56.265542+00:00] SQL.WARNING: find role [] []
[2024-11-12T21:09:56.265671+00:00] SQL.WARNING: verify login of user admin [] []
[2024-11-12T21:18:00.020406+00:00] SQL.WARNING: find profil [] []
[2024-11-12T21:18:00.023077+00:00] SQL.WARNING: find role [] []
[2024-11-12T21:18:00.023249+00:00] SQL.WARNING: verify login of user admin [] []
[2024-11-12T21:19:09.518009+00:00] SQL.WARNING: find all casernes [] []
[2024-11-12T21:19:17.882380+00:00] SQL.WARNING: find all casernes [] []
[2024-11-12T21:19:19.323079+00:00] SQL.WARNING: find all pompiers [] []
[2024-11-12T21:19:44.309454+00:00] SQL.WARNING: find all casernes [] []
[2024-11-12T21:20:03.971202+00:00] SQL.WARNING: find profil [] []
[2024-11-12T21:20:03.973138+00:00] SQL.WARNING: find role [] []
[2024-11-12T21:20:03.973261+00:00] SQL.WARNING: verify login of user consultant [] []
[2024-11-12T21:20:07.116309+00:00] SQL.WARNING: find all casernes [] []
[2024-11-12T21:20:15.583686+00:00] SQL.WARNING: find all casernes [] []
[2024-11-12T21:22:39.835711+00:00] SQL.WARNING: find profil [] []
[2024-11-12T21:22:39.838069+00:00] SQL.WARNING: find role [] []
[2024-11-12T21:22:39.838170+00:00] SQL.WARNING: verify login of user admin [] []
[2024-11-12T21:24:25.439643+00:00] SQL.WARNING: find profil [] []
[2024-11-12T21:24:25.441266+00:00] SQL.WARNING: find role [] []
[2024-11-12T21:24:25.441452+00:00] SQL.WARNING: verify login of user consultant [] []
[2024-11-12T21:25:13.500216+00:00] SQL.WARNING: find profil [] []
[2024-11-12T21:25:13.501928+00:00] SQL.WARNING: find role [] []
[2024-11-12T21:25:13.502043+00:00] SQL.WARNING: verify login of user consultant [] []
[2024-11-12T21:26:36.981997+00:00] SQL.WARNING: find profil [] []
[2024-11-12T21:26:36.983797+00:00] SQL.WARNING: find role [] []
[2024-11-12T21:26:36.983960+00:00] SQL.WARNING: verify login of user consultant [] []
[2024-11-12T21:26:56.932321+00:00] SQL.WARNING: find profil [] []
[2024-11-12T21:26:56.933897+00:00] SQL.WARNING: find role [] []
[2024-11-12T21:26:56.934002+00:00] SQL.WARNING: verify login of user admin [] []
[2024-11-12T21:27:15.934049+00:00] SQL.WARNING: find profil [] []
[2024-11-12T21:27:15.935679+00:00] SQL.WARNING: find role [] []
[2024-11-12T21:27:15.935791+00:00] SQL.WARNING: verify login of user admin [] []
[2024-11-12T21:28:23.001003+00:00] SQL.WARNING: find all casernes [] []
[2024-11-12T21:29:52.772261+00:00] SQL.WARNING: find all casernes [] []
[2024-11-12T21:41:42.565205+00:00] SQL.WARNING: find profil [] []
[2024-11-12T21:41:42.566723+00:00] SQL.WARNING: find role [] []
[2024-11-12T21:41:42.566832+00:00] SQL.WARNING: verify login of user consultant [] []
[2024-11-12T21:41:45.241580+00:00] SQL.WARNING: find all casernes [] []
[2024-11-12T21:41:50.862052+00:00] SQL.WARNING: find all casernes [] []
[2024-11-12T22:26:34.161096+00:00] SQL.WARNING: find all casernes [] []
